05-22 20:04:42 com_github_MitjaNemec_PlaceFootprints.action_place_footprints 674:Plugin executed on: 'win32'
05-22 20:04:42 com_github_MitjaNemec_PlaceFootprints.action_place_footprints 675:Plugin executed with python version: '3.11.5 (main, Nov  6 2025, 07:48:09) [MSC v.1944 64 bit (AMD64)]'
05-22 20:04:42 com_github_MitjaNemec_PlaceFootprints.action_place_footprints 676:KiCad build version: 9.0.7
05-22 20:04:42 com_github_MitjaNemec_PlaceFootprints.action_place_footprints 677:Plugin version: 4.0.1
05-22 20:04:42 com_github_MitjaNemec_PlaceFootprints.action_place_footprints 678:Frame repr: <wx._core.Frame object at 0x00000299A30BBE20>
05-22 20:04:42 com_github_MitjaNemec_PlaceFootprints.place_footprints 121:getting a list of all footprints on board
05-22 20:04:42 com_github_MitjaNemec_PlaceFootprints.place_footprints 156:Footprint C9 on root level
05-22 20:04:42 com_github_MitjaNemec_PlaceFootprints.place_footprints 156:Footprint J1 on root level
05-22 20:04:42 com_github_MitjaNemec_PlaceFootprints.place_footprints 156:Footprint U6 on root level
05-22 20:04:42 com_github_MitjaNemec_PlaceFootprints.place_footprints 156:Footprint U4 on root level
05-22 20:04:42 com_github_MitjaNemec_PlaceFootprints.place_footprints 156:Footprint R15 on root level
05-22 20:04:42 com_github_MitjaNemec_PlaceFootprints.place_footprints 156:Footprint U8 on root level
05-22 20:04:42 com_github_MitjaNemec_PlaceFootprints.place_footprints 156:Footprint U2 on root level
05-22 20:04:42 com_github_MitjaNemec_PlaceFootprints.place_footprints 156:Footprint U1 on root level
05-22 20:04:42 com_github_MitjaNemec_PlaceFootprints.place_footprints 156:Footprint R14 on root level
05-22 20:04:42 com_github_MitjaNemec_PlaceFootprints.place_footprints 156:Footprint U5 on root level
05-22 20:04:42 com_github_MitjaNemec_PlaceFootprints.place_footprints 156:Footprint U7 on root level
05-22 20:04:42 com_github_MitjaNemec_PlaceFootprints.place_footprints 156:Footprint U3 on root level
05-22 20:04:42 com_github_MitjaNemec_PlaceFootprints.place_footprints 156:Footprint R6 on root level
05-22 20:04:42 com_github_MitjaNemec_PlaceFootprints.place_footprints 156:Footprint R10 on root level
05-22 20:04:42 com_github_MitjaNemec_PlaceFootprints.place_footprints 156:Footprint R5 on root level
05-22 20:04:42 com_github_MitjaNemec_PlaceFootprints.place_footprints 156:Footprint R9 on root level
05-22 20:04:42 com_github_MitjaNemec_PlaceFootprints.place_footprints 156:Footprint R8 on root level
05-22 20:04:42 com_github_MitjaNemec_PlaceFootprints.place_footprints 156:Footprint R4 on root level
05-22 20:04:42 com_github_MitjaNemec_PlaceFootprints.place_footprints 156:Footprint C5 on root level
05-22 20:04:42 com_github_MitjaNemec_PlaceFootprints.place_footprints 156:Footprint R16 on root level
05-22 20:04:42 com_github_MitjaNemec_PlaceFootprints.place_footprints 156:Footprint C4 on root level
05-22 20:04:42 com_github_MitjaNemec_PlaceFootprints.place_footprints 156:Footprint R7 on root level
05-22 20:04:42 com_github_MitjaNemec_PlaceFootprints.place_footprints 156:Footprint C8 on root level
05-22 20:04:42 com_github_MitjaNemec_PlaceFootprints.place_footprints 156:Footprint R2 on root level
05-22 20:04:42 com_github_MitjaNemec_PlaceFootprints.place_footprints 156:Footprint C2 on root level
05-22 20:04:42 com_github_MitjaNemec_PlaceFootprints.place_footprints 156:Footprint R13 on root level
05-22 20:04:42 com_github_MitjaNemec_PlaceFootprints.place_footprints 156:Footprint R12 on root level
05-22 20:04:42 com_github_MitjaNemec_PlaceFootprints.place_footprints 156:Footprint C7 on root level
05-22 20:04:42 com_github_MitjaNemec_PlaceFootprints.place_footprints 156:Footprint C3 on root level
05-22 20:04:42 com_github_MitjaNemec_PlaceFootprints.place_footprints 156:Footprint C1 on root level
05-22 20:04:42 com_github_MitjaNemec_PlaceFootprints.place_footprints 156:Footprint C6 on root level
05-22 20:04:42 com_github_MitjaNemec_PlaceFootprints.place_footprints 156:Footprint R1 on root level
05-22 20:04:42 com_github_MitjaNemec_PlaceFootprints.place_footprints 156:Footprint R3 on root level
05-22 20:04:42 com_github_MitjaNemec_PlaceFootprints.place_footprints 156:Footprint R11 on root level
05-22 20:04:42 com_github_MitjaNemec_PlaceFootprints.action_place_footprints 717:Reference footprint='R15'
05-22 20:04:43 com_github_MitjaNemec_PlaceFootprints.action_place_footprints 858:Reference designator is: R
05-22 20:04:43 com_github_MitjaNemec_PlaceFootprints.action_place_footprints 859:Reference number is: 15
05-22 20:04:43 com_github_MitjaNemec_PlaceFootprints.action_place_footprints 891:Sorted and filtered list:
['R1', 'R2', 'R3', 'R4', 'R5', 'R6', 'R7', 'R8', 'R9', 'R10', 'R11', 'R12', 'R13', 'R14', 'R15', 'R16']
05-22 20:04:43 com_github_MitjaNemec_PlaceFootprints.action_place_footprints 376:wx.Colour(240, 240, 240, 255)
05-22 20:04:56 com_github_MitjaNemec_PlaceFootprints.action_place_footprints 507:'-16.8'
05-22 20:04:56 com_github_MitjaNemec_PlaceFootprints.action_place_footprints 553:Preparing config for reference linear
05-22 20:04:56 com_github_MitjaNemec_PlaceFootprints.action_place_footprints 573:Saving config file
05-22 20:04:56 com_github_MitjaNemec_PlaceFootprints.action_place_footprints 575:Saved the config file
05-22 20:04:56 com_github_MitjaNemec_PlaceFootprints.action_place_footprints 929:Footprints to place:
['R1', 'R3', 'R5', 'R7', 'R9', 'R11', 'R13', 'R15']
05-22 20:04:56 com_github_MitjaNemec_PlaceFootprints.place_footprints 396:Starting placing with linear layout
05-22 20:04:56 com_github_MitjaNemec_PlaceFootprints.action_place_footprints 970:Placing complete
